52
53
51
51
52
53
51
53
53
53
53
53
52
50
53
52
52
53
52
53
53
53
51
53
52
53
53
53
53
53
52
53
53
53
53
53
53
50
53
50
52
53
53
52
53
52
50
53
53
52
52
52
52
53
53
53
53
53
53
51
53
53
53
53
53
53
53
53
52
53
52
53
53
53
53
53
52
53
53
51
53
53
52
53
53
51
51
53
53
53
52
53
52
53
53
53
53
53
52
51
53
53
53
53
53
52
53
53
53
53
53
53
53
52
52
51
53
53
52
52
53
50
53
52
52
53
53
53
52
52
52
52
53
53
53
53
53
53
53
53
53
53
53
53
53
51
53
53
52
51
53
53
50
53
51
53
52
52
52
53
53
53
53
53
52
53
53
53
51
53
51
52
51
53
52
52
53
53
51
52
51
53
52
53
53
52
52
53
53
52
53
